Traceback (most recent call last):
  File "C:\Users\brend\AppData\Local\Programs\Python\Python313\Lib\site-packages\jupyter_cache\executors\utils.py", line 58, in single_nb_execution
    executenb(
    ~~~~~~~~~^
        nb,
        ^^^
    ...<4 lines>...
        **kwargs,
        ^^^^^^^^^
    )
    ^
  File "C:\Users\brend\AppData\Local\Programs\Python\Python313\Lib\site-packages\nbclient\client.py", line 1305, in execute
    return NotebookClient(nb=nb, resources=resources, km=km, **kwargs).execute()
           ~~~~~~~~~~~~~~~~~~~~~~~~~~~~~~~~~~~~~~~~~~~~~~~~~~~~~~~~~~~~~~~~~~~^^
  File "C:\Users\brend\AppData\Local\Programs\Python\Python313\Lib\site-packages\jupyter_core\utils\__init__.py", line 165, in wrapped
    return loop.run_until_complete(inner)
           ~~~~~~~~~~~~~~~~~~~~~~~^^^^^^^
  File "C:\Users\brend\AppData\Local\Programs\Python\Python313\Lib\asyncio\base_events.py", line 725, in run_until_complete
    return future.result()
           ~~~~~~~~~~~~~^^
  File "C:\Users\brend\AppData\Local\Programs\Python\Python313\Lib\site-packages\nbclient\client.py", line 705, in async_execute
    await self.async_execute_cell(
        cell, index, execution_count=self.code_cells_executed + 1
    )
  File "C:\Users\brend\AppData\Local\Programs\Python\Python313\Lib\site-packages\nbclient\client.py", line 1058, in async_execute_cell
    await self._check_raise_for_error(cell, cell_index, exec_reply)
  File "C:\Users\brend\AppData\Local\Programs\Python\Python313\Lib\site-packages\nbclient\client.py", line 914, in _check_raise_for_error
    raise CellExecutionError.from_cell_and_msg(cell, exec_reply_content)
nbclient.exceptions.CellExecutionError: An error occurred while executing the following cell:
------------------
%%sql
-- problem 1
------------------


[31m---------------------------------------------------------------------------[39m
[31mUnboundLocalError[39m                         Traceback (most recent call last)
[36mCell[39m[36m [39m[32mIn[6][39m[32m, line 1[39m
[32m----> [39m[32m1[39m get_ipython().run_cell_magic([33m'sql'[39m, [33m''[39m, [33m'-- problem 1\n'[39m)

[36mFile [39m[32m~\AppData\Local\Programs\Python\Python313\Lib\site-packages\sql\magic.py:365[39m, in [36mSqlMagic.execute[39m[34m(self, line, cell, local_ns)[39m
[32m    257[39m [38;5;129m@no_var_expand[39m
[32m    258[39m [38;5;129m@needs_local_scope[39m
[32m    259[39m [38;5;129m@line_magic[39m([33m"[39m[33msql[39m[33m"[39m)
[32m   (...)[39m[32m    337[39m )
[32m    338[39m [38;5;28;01mdef[39;00m[38;5;250m [39m[34mexecute[39m([38;5;28mself[39m, line=[33m"[39m[33m"[39m, cell=[33m"[39m[33m"[39m, local_ns=[38;5;28;01mNone[39;00m):
[32m    339[39m [38;5;250m    [39m[33;03m"""[39;00m
[32m    340[39m [33;03m    Runs SQL statement against a database, specified by[39;00m
[32m    341[39m [33;03m    SQLAlchemy connect string.[39;00m
[32m   (...)[39m[32m    363[39m 
[32m    364[39m [33;03m    """[39;00m
[32m--> [39m[32m365[39m     [38;5;28;01mreturn[39;00m [38;5;28;43mself[39;49m[43m.[49m[43m_execute[49m[43m([49m
[32m    366[39m [43m        [49m[43mline[49m[43m=[49m[43mline[49m[43m,[49m[43m [49m[43mcell[49m[43m=[49m[43mcell[49m[43m,[49m[43m [49m[43mlocal_ns[49m[43m=[49m[43mlocal_ns[49m[43m,[49m[43m [49m[43mis_interactive_mode[49m[43m=[49m[38;5;28;43;01mFalse[39;49;00m
[32m    367[39m [43m    [49m[43m)[49m

[36mFile [39m[32m~\AppData\Local\Programs\Python\Python313\Lib\site-packages\sql\magic.py:623[39m, in [36mSqlMagic._execute[39m[34m(self, line, cell, local_ns, is_interactive_mode)[39m
[32m    620[39m     handle_exception(e, command.sql, [38;5;28mself[39m.short_errors)
[32m    621[39m [38;5;28;01mexcept[39;00m [38;5;167;01mException[39;00m [38;5;28;01mas[39;00m e:
[32m    622[39m     [38;5;66;03m# Handle non SQLAlchemy errors[39;00m
[32m--> [39m[32m623[39m     [43mhandle_exception[49m[43m([49m[43me[49m[43m,[49m[43m [49m[43mcommand[49m[43m.[49m[43msql[49m[43m,[49m[43m [49m[38;5;28;43mself[39;49m[43m.[49m[43mshort_errors[49m[43m)[49m

[36mFile [39m[32m~\AppData\Local\Programs\Python\Python313\Lib\site-packages\sql\error_handler.py:115[39m, in [36mhandle_exception[39m[34m(error, query, short_error)[39m
[32m    113[39m         _display_error_msg_with_trace(error, detailed_message)
[32m    114[39m [38;5;28;01melse[39;00m:
[32m--> [39m[32m115[39m     [38;5;28;01mraise[39;00m error

[36mFile [39m[32m~\AppData\Local\Programs\Python\Python313\Lib\site-packages\sql\magic.py:577[39m, in [36mSqlMagic._execute[39m[34m(self, line, cell, local_ns, is_interactive_mode)[39m
[32m    574[39m     parameters = user_ns
[32m    576[39m [38;5;28;01mtry[39;00m:
[32m--> [39m[32m577[39m     result = [43mrun_statements[49m[43m([49m[43mconn[49m[43m,[49m[43m [49m[43mcommand[49m[43m.[49m[43msql[49m[43m,[49m[43m [49m[38;5;28;43mself[39;49m[43m,[49m[43m [49m[43mparameters[49m[43m=[49m[43mparameters[49m[43m)[49m
[32m    579[39m     [38;5;28;01mif[39;00m (
[32m    580[39m         result [38;5;129;01mis[39;00m [38;5;129;01mnot[39;00m [38;5;28;01mNone[39;00m
[32m    581[39m         [38;5;129;01mand[39;00m [38;5;129;01mnot[39;00m [38;5;28misinstance[39m(result, [38;5;28mstr[39m)
[32m   (...)[39m[32m    584[39m         [38;5;66;03m# Instead of returning values, set variables directly in the[39;00m
[32m    585[39m         [38;5;66;03m# users namespace. Variable names given by column names[39;00m
[32m    587[39m         [38;5;28;01mif[39;00m [38;5;28mself[39m.autopandas [38;5;129;01mor[39;00m [38;5;28mself[39m.autopolars:

[36mFile [39m[32m~\AppData\Local\Programs\Python\Python313\Lib\site-packages\sql\run\run.py:65[39m, in [36mrun_statements[39m[34m(conn, sql, config, parameters)[39m
[32m     58[39m         [38;5;28;01mif[39;00m (
[32m     59[39m             config.feedback >= [32m1[39m
[32m     60[39m             [38;5;129;01mand[39;00m [38;5;28mhasattr[39m(result, [33m"[39m[33mrowcount[39m[33m"[39m)
[32m     61[39m             [38;5;129;01mand[39;00m result.rowcount > [32m0[39m
[32m     62[39m         ):
[32m     63[39m             display.message_success([33mf[39m[33m"[39m[38;5;132;01m{[39;00mresult.rowcount[38;5;132;01m}[39;00m[33m rows affected.[39m[33m"[39m)
[32m---> [39m[32m65[39m result_set = ResultSet([43mresult[49m, config, statement, conn)
[32m     66[39m [38;5;28;01mreturn[39;00m select_df_type(result_set, config)

[31mUnboundLocalError[39m: cannot access local variable 'result' where it is not associated with a value

