Traceback (most recent call last):
  File "c:\Users\brend\OneDrive\Documents\Github\database_sql\.venv\Lib\site-packages\jupyter_cache\executors\utils.py", line 58, in single_nb_execution
    executenb(
    ~~~~~~~~~^
        nb,
        ^^^
    ...<4 lines>...
        **kwargs,
        ^^^^^^^^^
    )
    ^
  File "c:\Users\brend\OneDrive\Documents\Github\database_sql\.venv\Lib\site-packages\nbclient\client.py", line 1305, in execute
    return NotebookClient(nb=nb, resources=resources, km=km, **kwargs).execute()
           ~~~~~~~~~~~~~~~~~~~~~~~~~~~~~~~~~~~~~~~~~~~~~~~~~~~~~~~~~~~~~~~~~~~^^
  File "c:\Users\brend\OneDrive\Documents\Github\database_sql\.venv\Lib\site-packages\jupyter_core\utils\__init__.py", line 165, in wrapped
    return loop.run_until_complete(inner)
           ~~~~~~~~~~~~~~~~~~~~~~~^^^^^^^
  File "C:\Users\brend\AppData\Local\Programs\Python\Python313\Lib\asyncio\base_events.py", line 725, in run_until_complete
    return future.result()
           ~~~~~~~~~~~~~^^
  File "c:\Users\brend\OneDrive\Documents\Github\database_sql\.venv\Lib\site-packages\nbclient\client.py", line 705, in async_execute
    await self.async_execute_cell(
        cell, index, execution_count=self.code_cells_executed + 1
    )
  File "c:\Users\brend\OneDrive\Documents\Github\database_sql\.venv\Lib\site-packages\nbclient\client.py", line 1058, in async_execute_cell
    await self._check_raise_for_error(cell, cell_index, exec_reply)
  File "c:\Users\brend\OneDrive\Documents\Github\database_sql\.venv\Lib\site-packages\nbclient\client.py", line 914, in _check_raise_for_error
    raise CellExecutionError.from_cell_and_msg(cell, exec_reply_content)
nbclient.exceptions.CellExecutionError: An error occurred while executing the following cell:
------------------
!wget https://github.com/brendanpshea/database_sql/raw/main/sql_ddl_quiz/sql_ddl_quiz.py -q -nc
from sql_ddl_quiz import *

quiz_url = 'https://github.com/brendanpshea/database_sql/raw/main/sql_ddl_quiz/music_dml_quiz.json'
sql_quiz = SQLDDLQuiz(quiz_url)
------------------

----- stderr -----
Split-Path : Parameter set cannot be resolved using the specified named parameters.
At C:\Users\brend\OneDrive\Documents\Github\database_sql\wget.ps1:6 char:13
+ $repoRoot = Split-Path -LiteralPath $PSCommandPath -Parent
+             ~~~~~~~~~~~~~~~~~~~~~~~~~~~~~~~~~~~~~~~~~~~~~~
    + CategoryInfo          : InvalidArgument: (:) [Split-Path], ParameterBindingException
    + FullyQualifiedErrorId : AmbiguousParameterSet,Microsoft.PowerShell.Commands.SplitPathCommand
------------------

[31m---------------------------------------------------------------------------[39m
[31mModuleNotFoundError[39m                       Traceback (most recent call last)
[36mCell[39m[36m [39m[32mIn[42][39m[32m, line 2[39m
[32m      1[39m get_ipython().system([33m'wget https://github.com/brendanpshea/database_sql/raw/main/sql_ddl_quiz/sql_ddl_quiz.py -q -nc'[39m)
[32m----> [39m[32m2[39m [38;5;28;01mfrom[39;00m sql_ddl_quiz [38;5;28;01mimport[39;00m *
[32m      3[39m 
[32m      4[39m quiz_url = [33m'https://github.com/brendanpshea/database_sql/raw/main/sql_ddl_quiz/music_dml_quiz.json'[39m
[32m      5[39m sql_quiz = SQLDDLQuiz(quiz_url)

[36mFile [39m[32m~\OneDrive\Documents\Github\database_sql\sql_ddl_quiz.py:7[39m
[32m      5[39m [38;5;28;01mfrom[39;00m[38;5;250m [39m[34;01mIPython[39;00m[34;01m.[39;00m[34;01mdisplay[39;00m[38;5;250m [39m[38;5;28;01mimport[39;00m clear_output, display
[32m      6[39m [38;5;28;01mimport[39;00m[38;5;250m [39m[34;01mpandas[39;00m[38;5;250m [39m[38;5;28;01mas[39;00m[38;5;250m [39m[34;01mpd[39;00m
[32m----> [39m[32m7[39m [38;5;28;01mfrom[39;00m[38;5;250m [39m[34;01mipywidgets[39;00m[38;5;250m [39m[38;5;28;01mimport[39;00m (
[32m      8[39m     Textarea, Button, VBox, HBox, Output, HTML, Layout, IntProgress, Tab, Dropdown
[32m      9[39m )
[32m     11[39m [38;5;28;01mclass[39;00m[38;5;250m [39m[34;01mSQLDDLQuiz[39;00m:
[32m     12[39m [38;5;250m    [39m[33;03m"""A class representing the SQL DDL Quiz."""[39;00m

[31mModuleNotFoundError[39m: No module named 'ipywidgets'

